<?xml version="1.0" encoding="UTF-8"?>
<!-- Generated by org.testng.reporters.JUnitXMLReporter -->
<testsuite hostname="qedgelab5-PC" name="Test" tests="2" failures="2" timestamp="4 Mar 2020 05:30:58 GMT" time="101.415" errors="0">
  <testcase name="f" time="101.239" classname="driverFactory.EmpReg">
    <failure type="java.io.FileNotFoundException" message="D:\pavani_82\Orange_Maven_POM\TestOutput (Access is denied)">
      <![CDATA[java.io.FileNotFoundException: D:\pavani_82\Orange_Maven_POM\TestOutput (Access is denied)
	at java.io.FileOutputStream.open0(Native Method)
	at java.io.FileOutputStream.open(FileOutputStream.java:270)
	at java.io.FileOutputStream.<init>(FileOutputStream.java:213)
	at java.io.FileOutputStream.<init>(FileOutputStream.java:101)
	at utilities.Excelfileutil.setData(Excelfileutil.java:70)
	at driverFactory.EmpReg.f(EmpReg.java:81)
	at java.util.concurrent.ThreadPoolExecutor.runWorker(ThreadPoolExecutor.java:1142)
	at java.util.concurrent.ThreadPoolExecutor$Worker.run(ThreadPoolExecutor.java:617)
	at java.lang.Thread.run(Thread.java:745)
... Removed 10 stack frames]]>
    </failure>
  </testcase> <!-- f -->
  <testcase name="f" time="101.288" classname="driverFactory.LoginTest">
    <failure type="java.io.FileNotFoundException" message="D:\pavani_82\Orange_Maven_POM\TestOutput (Access is denied)">
      <![CDATA[java.io.FileNotFoundException: D:\pavani_82\Orange_Maven_POM\TestOutput (Access is denied)
	at java.io.FileOutputStream.open0(Native Method)
	at java.io.FileOutputStream.open(FileOutputStream.java:270)
	at java.io.FileOutputStream.<init>(FileOutputStream.java:213)
	at java.io.FileOutputStream.<init>(FileOutputStream.java:101)
	at utilities.Excelfileutil.setData(Excelfileutil.java:70)
	at driverFactory.LoginTest.f(LoginTest.java:82)
	at java.util.concurrent.ThreadPoolExecutor.runWorker(ThreadPoolExecutor.java:1142)
	at java.util.concurrent.ThreadPoolExecutor$Worker.run(ThreadPoolExecutor.java:617)
	at java.lang.Thread.run(Thread.java:745)
... Removed 10 stack frames]]>
    </failure>
  </testcase> <!-- f -->
</testsuite> <!-- Test -->
