<?xml version="1.0" encoding="UTF-8"?>
<testng-results skipped="0" failed="2" total="2" passed="0">
  <reporter-output>
  </reporter-output>
  <suite name="Suite" duration-ms="101415" started-at="2020-03-04T05:29:16Z" finished-at="2020-03-04T05:30:57Z">
    <groups>
    </groups>
    <test name="Test" duration-ms="101415" started-at="2020-03-04T05:29:16Z" finished-at="2020-03-04T05:30:57Z">
      <class name="driverFactory.EmpReg">
        <test-method status="FAIL" signature="f()[pri:0, instance:driverFactory.EmpReg@402a079c]" name="f" duration-ms="101239" started-at="2020-03-04T10:59:16Z" finished-at="2020-03-04T11:00:57Z">
          <exception class="java.io.FileNotFoundException">
            <message>
              <![CDATA[D:\pavani_82\Orange_Maven_POM\TestOutput (Access is denied)]]>
            </message>
            <full-stacktrace>
              <![CDATA[java.io.FileNotFoundException: D:\pavani_82\Orange_Maven_POM\TestOutput (Access is denied)
	at java.io.FileOutputStream.open0(Native Method)
	at java.io.FileOutputStream.open(FileOutputStream.java:270)
	at java.io.FileOutputStream.<init>(FileOutputStream.java:213)
	at java.io.FileOutputStream.<init>(FileOutputStream.java:101)
	at utilities.Excelfileutil.setData(Excelfileutil.java:70)
	at driverFactory.EmpReg.f(EmpReg.java:81)
	at sun.reflect.NativeMethodAccessorImpl.invoke0(Native Method)
	at sun.reflect.NativeMethodAccessorImpl.invoke(NativeMethodAccessorImpl.java:62)
	at sun.reflect.DelegatingMethodAccessorImpl.invoke(DelegatingMethodAccessorImpl.java:43)
	at java.lang.reflect.Method.invoke(Method.java:498)
	at org.testng.internal.MethodInvocationHelper.invokeMethod(MethodInvocationHelper.java:85)
	at org.testng.internal.Invoker.invokeMethod(Invoker.java:639)
	at org.testng.internal.Invoker.invokeTestMethod(Invoker.java:816)
	at org.testng.internal.Invoker.invokeTestMethods(Invoker.java:1124)
	at org.testng.internal.TestMethodWorker.invokeTestMethods(TestMethodWorker.java:125)
	at org.testng.internal.TestMethodWorker.run(TestMethodWorker.java:108)
	at java.util.concurrent.ThreadPoolExecutor.runWorker(ThreadPoolExecutor.java:1142)
	at java.util.concurrent.ThreadPoolExecutor$Worker.run(ThreadPoolExecutor.java:617)
	at java.lang.Thread.run(Thread.java:745)
]]>
            </full-stacktrace>
          </exception> <!-- java.io.FileNotFoundException -->
          <reporter-output>
          </reporter-output>
        </test-method> <!-- f -->
      </class> <!-- driverFactory.EmpReg -->
      <class name="driverFactory.LoginTest">
        <test-method status="FAIL" signature="f()[pri:0, instance:driverFactory.LoginTest@589838eb]" name="f" duration-ms="101288" started-at="2020-03-04T10:59:16Z" finished-at="2020-03-04T11:00:57Z">
          <exception class="java.io.FileNotFoundException">
            <message>
              <![CDATA[D:\pavani_82\Orange_Maven_POM\TestOutput (Access is denied)]]>
            </message>
            <full-stacktrace>
              <![CDATA[java.io.FileNotFoundException: D:\pavani_82\Orange_Maven_POM\TestOutput (Access is denied)
	at java.io.FileOutputStream.open0(Native Method)
	at java.io.FileOutputStream.open(FileOutputStream.java:270)
	at java.io.FileOutputStream.<init>(FileOutputStream.java:213)
	at java.io.FileOutputStream.<init>(FileOutputStream.java:101)
	at utilities.Excelfileutil.setData(Excelfileutil.java:70)
	at driverFactory.LoginTest.f(LoginTest.java:82)
	at sun.reflect.NativeMethodAccessorImpl.invoke0(Native Method)
	at sun.reflect.NativeMethodAccessorImpl.invoke(NativeMethodAccessorImpl.java:62)
	at sun.reflect.DelegatingMethodAccessorImpl.invoke(DelegatingMethodAccessorImpl.java:43)
	at java.lang.reflect.Method.invoke(Method.java:498)
	at org.testng.internal.MethodInvocationHelper.invokeMethod(MethodInvocationHelper.java:85)
	at org.testng.internal.Invoker.invokeMethod(Invoker.java:639)
	at org.testng.internal.Invoker.invokeTestMethod(Invoker.java:816)
	at org.testng.internal.Invoker.invokeTestMethods(Invoker.java:1124)
	at org.testng.internal.TestMethodWorker.invokeTestMethods(TestMethodWorker.java:125)
	at org.testng.internal.TestMethodWorker.run(TestMethodWorker.java:108)
	at java.util.concurrent.ThreadPoolExecutor.runWorker(ThreadPoolExecutor.java:1142)
	at java.util.concurrent.ThreadPoolExecutor$Worker.run(ThreadPoolExecutor.java:617)
	at java.lang.Thread.run(Thread.java:745)
]]>
            </full-stacktrace>
          </exception> <!-- java.io.FileNotFoundException -->
          <reporter-output>
          </reporter-output>
        </test-method> <!-- f -->
      </class> <!-- driverFactory.LoginTest -->
    </test> <!-- Test -->
  </suite> <!-- Suite -->
</testng-results>
